app/build/outputs/mapping/release/seeds.txt
com.ms.starwars.models.FilmEntity: android.os.Parcelable$Creator CREATOR
com.ms.starwars.ui.base.BaseViewModel
com.ms.starwars.BaseApplication: BaseApplication()
com.ms.starwars.ui.home.Hilt_HomeActivity: Hilt_HomeActivity()
com.ms.starwars.ui.details.Hilt_DetailsActivity
com.ms.starwars.Hilt_BaseApplication: Hilt_BaseApplication()
com.ms.starwars.ui.base.BaseActivity
com.ms.starwars.ui.base.BaseViewModel: BaseViewModel()
com.ms.starwars.ui.home.HomeActivity: HomeActivity()
com.ms.starwars.BaseApplication
com.ms.starwars.ui.home.HomeActivity
com.ms.starwars.ui.home.HomeViewModel
com.ms.starwars.ui.details.DetailsViewModel
com.ms.starwars.ui.details.DetailsActivity
com.ms.starwars.models.PlanetEntity: android.os.Parcelable$Creator CREATOR
com.ms.starwars.ui.details.DetailsActivity: DetailsActivity()
com.ms.starwars.ui.home.Hilt_HomeActivity
com.ms.starwars.models.CharacterEntity: android.os.Parcelable$Creator CREATOR
com.ms.starwars.ui.details.Hilt_DetailsActivity: Hilt_DetailsActivity()
com.ms.starwars.ui.base.BaseActivity: BaseActivity()
com.ms.starwars.models.SpecieEntity: android.os.Parcelable$Creator CREATOR
...
com.facebook.stetho.inspector.network.NetworkEventReporter: void responseReadFailed(java.lang.String,java.lang.String)
com.facebook.stetho.inspector.network.ResponseHandlingInputStream: int read(byte[],int,int)
androidx.appcompat.widget.Toolbar: android.graphics.drawable.Drawable getCollapseIcon()
androidx.vectordrawable.graphics.drawable.VectorDrawableCompat$VFullPath: float getStrokeAlpha()
org.conscrypt.OpenSSLX509CRL: long mContext
com.facebook.stetho.common.android.FragmentManagerAccessor
org.conscrypt.OpenSSLAeadCipherAES$GCM_SIV: boolean allowsNonceReuse()
com.facebook.stetho.server.http.LightHttpServer$HttpMessageReader$NewLineDetector: int state()
org.conscrypt.AbstractConscryptSocket: void setReuseAddress(boolean)
org.conscrypt.OpenSSLSignatureRawRSA: byte[] engineSign()
com.facebook.stetho.common.android.FragmentCompatUtil: java.lang.Object findFragmentForView(android.view.View)
org.conscrypt.AbstractConscryptSocket: void sendUrgentData(int)
androidx.appcompat.widget.FitWindowsLinearLayout: FitWindowsLinearLayout(android.content.Context,android.util.AttributeSet)
com.facebook.stetho.R$dimen: int abc_control_padding_material
com.facebook.stetho.inspector.network.ResponseHandlingInputStream: int read(byte[])
org.conscrypt.NativeCrypto: long EVP_PKEY_decrypt_init(org.conscrypt.NativeRef$EVP_PKEY)
androidx.appcompat.widget.AppCompatTextView: void setTextClassifier(android.view.textclassifier.TextClassifier)
androidx.appcompat.widget.Toolbar: void setSubtitleTextColor(android.content.res.ColorStateList)
androidx.constraintlayout.widget.Barrier: int getMargin()
com.facebook.stetho.inspector.database.ContentProviderSchema: android.net.Uri mUri
org.conscrypt.OpenSSLECPublicKey
com.facebook.stetho.inspector.elements.android.DialogFragmentDescriptor: android.view.View getViewAndBoundsForHighlighting(java.lang.Object,android.graphics.Rect)
androidx.appcompat.widget.AppCompatTextView: int getAutoSizeMinTextSize()
com.facebook.stetho.inspector.elements.android.window.WindowRootViewCompat
org.conscrypt.ExternalSession: long getCreationTime()
org.conscrypt.ExternalSession: java.security.Principal getLocalPrincipal()
com.facebook.stetho.R$styleable: int[] SearchView
com.facebook.stetho.inspector.runtime.RhinoDetectingRuntimeReplFactory$1: java.lang.Object evaluate(java.lang.String)
org.conscrypt.BaseOpenSSLSocketAdapterFactory
com.facebook.stetho.R$style: int Widget_AppCompat_Light_ActionBar_TabBar_Inverse
com.facebook.stetho.inspector.elements.android.window.WindowRootViewCompactV19Impl: WindowRootViewCompactV19Impl()
org.conscrypt.ct.CTConstants
org.conscrypt.ConscryptEngineSocket$SSLInputStream: boolean isHandshakeFinished()
com.facebook.stetho.inspector.protocol.module.CSS$1$1
com.facebook.stetho.inspector.elements.android.ApplicationDescriptor$ElementContext: android.app.Application mElement
org.conscrypt.ConscryptEngineSocket$2: java.security.cert.X509Certificate[] getAcceptedIssuers()
com.facebook.stetho.R$attr: int drawableSize
com.facebook.stetho.inspector.elements.android.AndroidDocumentProvider: com.facebook.stetho.inspector.elements.DocumentProviderListener access$100(com.facebook.stetho.inspector.elements.android.AndroidDocumentProvider)
org.conscrypt.OpenSSLECPrivateKey: byte[] getEncoded()
org.conscrypt.OpenSSLEvpCipherAES$1: int[] $SwitchMap$org$conscrypt$OpenSSLCipher$Mode
com.facebook.stetho.common.ListUtil
com.google.android.material.chip.Chip: void setHideMotionSpec(com.google.android.material.animation.MotionSpec)
com.facebook.stetho.R$dimen: int abc_button_padding_horizontal_material
com.facebook.stetho.inspector.protocol.module.Database$ExecuteSQLResponse: java.util.List values
com.facebook.stetho.Stetho$DefaultInspectorModulesBuilder: java.util.List mDatabaseDrivers
org.conscrypt.AbstractConscryptEngine: void setChannelIdPrivateKey(java.security.PrivateKey)
org.conscrypt.NativeCrypto: int EVP_PKEY_encrypt(org.conscrypt.NativeRef$EVP_PKEY_CTX,byte[],int,byte[],int,int)