app/build/outputs/mapping/release/mapping.txt
# compiler: R8
# compiler_version: 2.1.75
# min_api: 21
# pg_map_id: 8b24b60
# common_typos_disable
com.ms.starwars.BaseApplication -> com.ms.starwars.BaseApplication:
    1:1:boolean isRoboUnitTest():0:0 -> onCreate
    1:1:void onCreate():0 -> onCreate
    2:2:void onCreate():0:0 -> onCreate
com.ms.starwars.BaseApplication_GeneratedInjector -> l.d.c.a:
    void injectBaseApplication(com.ms.starwars.BaseApplication) -> a
com.ms.starwars.BaseApplication_HiltComponents$ActivityC -> l.d.c.b:
com.ms.starwars.BaseApplication_HiltComponents$ActivityRetainedC -> l.d.c.c:
com.ms.starwars.BaseApplication_HiltComponents$ApplicationC -> l.d.c.d:
com.ms.starwars.DaggerBaseApplication_HiltComponents_ApplicationC -> l.d.c.e:
    java.lang.Object baseUseCaseOfStringAndFlowOfPlanet -> j
    java.lang.Object baseUseCaseOfStringAndFlowOfListOfSpecie -> h
    java.lang.Object apiService -> f
    java.lang.Object characterDetailsDataSource -> g
    java.lang.Object namedString -> d
    java.lang.Object retrofit -> e
    java.lang.Object characterSearchDataSource -> n
    java.lang.Object baseUseCaseOfStringAndFlowOfListOfCharacter -> o
    java.lang.Object baseUseCaseOfStringAndFlowOfListOfFilm -> l
    dagger.hilt.android.internal.modules.ApplicationContextModule applicationContextModule -> a
    javax.inject.Provider provideSearchUseCaseProvider -> p
    java.lang.Object httpLoggingInterceptor -> b
    java.lang.Object okHttpClient -> c
    javax.inject.Provider providePlanetUseCaseProvider -> k
    javax.inject.Provider provideFilmUseCaseProvider -> m
    javax.inject.Provider provideSpecieUseCaseProvider -> i
    1:1:void <init>(dagger.hilt.android.internal.modules.ApplicationContextModule):0:0 -> <init>
    1:1:void <init>(dagger.hilt.android.internal.modules.ApplicationContextModule,com.ms.starwars.DaggerBaseApplication_HiltComponents_ApplicationC$1):0 -> <init>
    void injectBaseApplication(com.ms.starwars.BaseApplication) -> a
    dagger.hilt.android.internal.builders.ActivityRetainedComponentBuilder retainedComponentBuilder() -> b
    com.ms.data.api.ApiService getApiService() -> c
com.ms.starwars.DaggerBaseApplication_HiltComponents_ApplicationC$1 -> l.d.c.e$a:
com.ms.starwars.DaggerBaseApplication_HiltComponents_ApplicationC$ActivityRetainedCBuilder -> l.d.c.e$b:
    com.ms.starwars.DaggerBaseApplication_HiltComponents_ApplicationC this$0 -> a
    1:1:void <init>(com.ms.starwars.DaggerBaseApplication_HiltComponents_ApplicationC):0:0 -> <init>
    1:1:void <init>(com.ms.starwars.DaggerBaseApplication_HiltComponents_ApplicationC,com.ms.starwars.DaggerBaseApplication_HiltComponents_ApplicationC$1):0 -> <init>
com.ms.starwars.DaggerBaseApplication_HiltComponents_ApplicationC$ActivityRetainedCImpl -> l.d.c.e$c:
    com.ms.starwars.DaggerBaseApplication_HiltComponents_ApplicationC this$0 -> a
    1:1:void <init>(com.ms.starwars.DaggerBaseApplication_HiltComponents_ApplicationC):0:0 -> <init>
    1:1:void <init>(com.ms.starwars.DaggerBaseApplication_HiltComponents_ApplicationC,com.ms.starwars.DaggerBaseApplication_HiltComponents_ApplicationC$1):0 -> <init>
    dagger.hilt.android.internal.builders.ActivityComponentBuilder activityComponentBuilder() -> a
com.ms.starwars.DaggerBaseApplication_HiltComponents_ApplicationC$ActivityRetainedCImpl$ActivityCBuilder -> l.d.c.e$c$a:
    com.ms.starwars.DaggerBaseApplication_HiltComponents_ApplicationC$ActivityRetainedCImpl this$1 -> b
    android.app.Activity activity -> a
    1:1:void <init>(com.ms.starwars.DaggerBaseApplication_HiltComponents_ApplicationC$ActivityRetainedCImpl):0:0 -> <init>
    1:1:void <init>(com.ms.starwars.DaggerBaseApplication_HiltComponents_ApplicationC$ActivityRetainedCImpl,com.ms.starwars.DaggerBaseApplication_HiltComponents_ApplicationC$1):0 -> <init>
...
kotlinx.coroutines.JobSupport$ChildCompletion -> i.a.f1$a:
    kotlinx.coroutines.ChildHandleNode child -> k
    kotlinx.coroutines.JobSupport$Finishing state -> j
    kotlinx.coroutines.JobSupport parent -> i
    java.lang.Object proposedUpdate -> l
    java.lang.Object invoke(java.lang.Object) -> e
    1:1:void kotlinx.coroutines.JobSupport.continueCompleting(kotlinx.coroutines.JobSupport$Finishing,kotlinx.coroutines.ChildHandleNode,java.lang.Object):0:0 -> m
    1:1:void kotlinx.coroutines.JobSupport.access$continueCompleting(kotlinx.coroutines.JobSupport,kotlinx.coroutines.JobSupport$Finishing,kotlinx.coroutines.ChildHandleNode,java.lang.Object):0 -> m
    1:1:void invoke(java.lang.Throwable):0 -> m
kotlinx.coroutines.JobSupport$Finishing -> i.a.f1$b:
    kotlinx.coroutines.NodeList list -> e
    1:1:java.lang.Throwable getRootCause():0:0 -> a
    1:1:boolean isActive():0 -> a
    kotlinx.coroutines.NodeList getList() -> b
    1:1:java.lang.Throwable getRootCause():0:0 -> c
    1:1:void addExceptionLocked(java.lang.Throwable):0 -> c
    2:2:void setRootCause(java.lang.Throwable):0:0 -> c
    2:2:void addExceptionLocked(java.lang.Throwable):0 -> c
    3:3:java.lang.Object getExceptionsHolder():0:0 -> c
    3:3:void addExceptionLocked(java.lang.Throwable):0 -> c
    4:4:void setExceptionsHolder(java.lang.Object):0:0 -> c
    4:4:void addExceptionLocked(java.lang.Throwable):0 -> c
    5:5:void addExceptionLocked(java.lang.Throwable):0:0 -> c
    6:6:void setExceptionsHolder(java.lang.Object):0:0 -> c
    6:6:void addExceptionLocked(java.lang.Throwable):0 -> c
    7:7:void addExceptionLocked(java.lang.Throwable):0:0 -> c
    java.util.ArrayList allocateList() -> d
    1:1:java.lang.Throwable getRootCause():0:0 -> e
    1:1:boolean isCancelling():0 -> e
    1:1:java.lang.Object getExceptionsHolder():0:0 -> f
    1:1:boolean isSealed():0 -> f
    2:2:boolean isSealed():0:0 -> f
    1:1:java.lang.Object getExceptionsHolder():0:0 -> g
    1:1:java.util.List sealLocked(java.lang.Throwable):0 -> g
    2:2:java.util.List sealLocked(java.lang.Throwable):0:0 -> g
    3:3:java.lang.Throwable getRootCause():0:0 -> g
    3:3:java.util.List sealLocked(java.lang.Throwable):0 -> g
kotlinx.coroutines.JobSupport$addLastAtomic$$inlined$addLastIf$1 -> i.a.f1$c:
    kotlinx.coroutines.JobSupport this$0 -> d
    java.lang.Object $expect$inlined -> e
    1:1:java.lang.Object prepare(kotlinx.coroutines.internal.LockFreeLinkedListNode):0:0 -> c
    1:1:java.lang.Object prepare(java.lang.Object):0 -> c
kotlinx.coroutines.JobSupportKt -> i.a.g1:
    kotlinx.coroutines.internal.Symbol COMPLETING_ALREADY -> a
    kotlinx.coroutines.internal.Symbol TOO_LATE_TO_CANCEL -> d
    kotlinx.coroutines.internal.Symbol SEALED -> e
    kotlinx.coroutines.internal.Symbol COMPLETING_WAITING_CHILDREN -> b
    kotlinx.coroutines.internal.Symbol COMPLETING_RETRY -> c
    kotlinx.coroutines.Empty EMPTY_NEW -> f
    kotlinx.coroutines.Empty EMPTY_ACTIVE -> g
    java.lang.Object unboxState(java.lang.Object) -> a
kotlinx.coroutines.MainCoroutineDispatcher -> i.a.h1:
kotlinx.coroutines.NodeList -> i.a.i1:
    boolean isActive() -> a
    kotlinx.coroutines.NodeList getList() -> b
    java.lang.String getString(java.lang.String) -> m
    1:1:boolean kotlinx.coroutines.DebugKt.getDEBUG():0:0 -> toString
    1:1:java.lang.String toString():0 -> toString
    2:2:java.lang.String toString():0:0 -> toString
kotlinx.coroutines.NonDisposableHandle -> i.a.j1:
    kotlinx.coroutines.NonDisposableHandle INSTANCE -> e
    boolean childCancelled(java.lang.Throwable) -> c
kotlinx.coroutines.NotCompleted -> i.a.k1:
kotlinx.coroutines.ParentJob -> i.a.l1:
    java.util.concurrent.CancellationException getChildJobCancellationCause() -> i