app/build/outputs/mapping/release/usage.txt
com.ms.starwars.di.module.NetworkModule_OkHttpLoggingInterceptorFactory$InstanceHolder
com.ms.starwars.ui.home.HomeActivity:
    public final void setViewModel(com.ms.starwars.ui.home.HomeViewModel)
    public final com.ms.starwars.ui.adapters.SearchedCharacterAdapter getSearchedCharacterAdapter()
    public final void setSearchedCharacterAdapter(com.ms.starwars.ui.adapters.SearchedCharacterAdapter)
    public android.view.View _$_findCachedViewById(int)
    public void _$_clearFindViewByIdCache()
    private java.util.HashMap _$_findViewCache
com.ms.starwars.di.module.NetworkModule_BaseOkHttpClientFactory:
    public void <init>(javax.inject.Provider)
    public static com.ms.starwars.di.module.NetworkModule_BaseOkHttpClientFactory create(javax.inject.Provider)
    public okhttp3.OkHttpClient get()
    public synthetic bridge java.lang.Object get()
    private final javax.inject.Provider loggingInterceptorProvider
com.ms.starwars.ui.adapters.SpeciesAdapter_Factory$InstanceHolder
com.ms.starwars.BaseApplication_HiltComponents$FragmentC
com.ms.starwars.ui.adapters.SpeciesAdapter_Factory
com.ms.starwars.R
com.ms.starwars.DaggerBaseApplication_HiltComponents_ApplicationC$ActivityRetainedCImpl$ActivityCImpl$ViewCBuilder
com.ms.starwars.databinding.LayoutCharacterItemBinding:
    public static com.ms.starwars.databinding.LayoutCharacterItemBinding inflate(android.view.LayoutInflater)
    public synthetic bridge android.view.View getRoot()
com.ms.starwars.ui.details.DetailsViewModel_HiltModule
com.ms.starwars.R$font
com.ms.starwars.ui.home.HomeViewModel_AssistedFactory_Factory:
    public void <init>(javax.inject.Provider)
    public static com.ms.starwars.ui.home.HomeViewModel_AssistedFactory_Factory create(javax.inject.Provider)
    public com.ms.starwars.ui.home.HomeViewModel_AssistedFactory get()
    public synthetic bridge java.lang.Object get()
    private final javax.inject.Provider searchCharactersBaseUseCaseProvider
com.ms.starwars.di.module.NetworkModule_OkHttpLoggingInterceptorFactory:
    public void <init>()
    public static com.ms.starwars.di.module.NetworkModule_OkHttpLoggingInterceptorFactory create()
    public okhttp3.logging.HttpLoggingInterceptor get()
    public synthetic bridge java.lang.Object get()
com.ms.starwars.di.module.UseCaseModule_ProvidePlanetUseCaseFactory:
    public void <init>(javax.inject.Provider)
    public static com.ms.starwars.di.module.UseCaseModule_ProvidePlanetUseCaseFactory create(javax.inject.Provider)
    public com.ms.domain.usecase.BaseUseCase get()
    public synthetic bridge java.lang.Object get()
    private final javax.inject.Provider characterDetailsDataSourceProvider
com.ms.starwars.R$string
com.ms.starwars.ui.adapters.SearchedCharacterAdapter_Factory$InstanceHolder
com.ms.starwars.models.FilmEntity:
    public static synthetic com.ms.starwars.models.FilmEntity copy$default(com.ms.starwars.models.FilmEntity,java.lang.String,java.lang.String,java.util.List,int,java.lang.Object)
    public final java.lang.String component1()
    public final java.lang.String component2()
    public final java.util.List component3()
    public final com.ms.starwars.models.FilmEntity copy(java.lang.String,java.lang.String,java.util.List)
com.ms.starwars.DaggerBaseApplication_HiltComponents_ApplicationC$Builder:
    public com.ms.starwars.DaggerBaseApplication_HiltComponents_ApplicationC$Builder dataSourceModule(com.ms.starwars.di.module.DataSourceModule)
    public com.ms.starwars.DaggerBaseApplication_HiltComponents_ApplicationC$Builder networkModule(com.ms.starwars.di.module.NetworkModule)
    public com.ms.starwars.DaggerBaseApplication_HiltComponents_ApplicationC$Builder urlProviderModule(com.ms.starwars.di.module.UrlProviderModule)
    public com.ms.starwars.DaggerBaseApplication_HiltComponents_ApplicationC$Builder useCaseModule(com.ms.starwars.di.module.UseCaseModule)
...
kotlinx.coroutines.selects.SelectBuilderImpl$onTimeout$$inlined$Runnable$1
kotlinx.coroutines.flow.FlowKt__DistinctKt$distinctUntilChangedBy$$inlined$unsafeFlow$3$lambda$1
androidx.core.os.LocaleListPlatformWrapper
kotlinx.coroutines.flow.FlowKt__MigrationKt$switchMap$$inlined$flatMapLatest$1
com.squareup.moshi.JsonValueReader$JsonIterator
kotlin.io.FileTreeWalk$DirectoryState
androidx.core.internal.view.SupportMenuItem:
    public abstract boolean requiresActionButton()
    public abstract boolean requiresOverflow()
    public static final int SHOW_AS_ACTION_NEVER
    public static final int SHOW_AS_ACTION_IF_ROOM
    public static final int SHOW_AS_ACTION_ALWAYS
    public static final int SHOW_AS_ACTION_WITH_TEXT
    public static final int SHOW_AS_ACTION_COLLAPSE_ACTION_VIEW
dagger.hilt.android.internal.modules.ActivityModule
okhttp3.CacheControl$Builder:
    public final okhttp3.CacheControl$Builder noStore()
    public final okhttp3.CacheControl$Builder maxAge(int,java.util.concurrent.TimeUnit)
    public final okhttp3.CacheControl$Builder minFresh(int,java.util.concurrent.TimeUnit)
    public final okhttp3.CacheControl$Builder noTransform()
    public final okhttp3.CacheControl$Builder immutable()
com.squareup.moshi.JsonAdapter$5:
    boolean isLenient()
kotlinx.coroutines.flow.FlowKt__EmittersKt$onEmpty$$inlined$unsafeFlow$1$1
androidx.asynclayoutinflater.R$styleable
androidx.constraintlayout.widget.ConstraintProperties
com.google.android.material.bottomsheet.BottomSheetDialog$2
com.google.android.material.tabs.TabLayout$OnTabSelectedListener
android.support.v4.media.MediaBrowserCompat$MediaBrowserImplBase
kotlin.sequences.SequencesKt___SequencesKt$runningFold$1
kotlin.coroutines.RestrictsSuspension
com.mikepenz.fastadapter.R$string
com.google.android.material.tabs.TabLayoutMediator$TabConfigurationStrategy
androidx.recyclerview.widget.SortedList$Callback
androidx.fragment.app.FragmentManager$BackStackEntry
androidx.drawerlayout.R
androidx.vectordrawable.R$drawable
androidx.core.view.DragStartHelper
com.google.android.material.datepicker.MaterialDatePicker$1
kotlinx.coroutines.channels.ChannelsKt__Channels_commonKt$consumeEach$1
android.support.v4.media.session.MediaControllerCompat$MediaControllerImplApi23
kotlinx.coroutines.flow.FlowKt__MergeKt$map$$inlined$unsafeTransform$2$1
androidx.core.text.TextDirectionHeuristicCompat:
    public abstract boolean isRtl(char[],int,int)
androidx.media.MediaBrowserServiceCompat$BrowserRoot
okhttp3.internal.ws.RealWebSocket
androidx.core.app.SharedElementCallback:
    public void <init>()
    private static android.graphics.Bitmap createDrawableBitmap(android.graphics.drawable.Drawable)
    public void onRejectSharedElements(java.util.List)
    public android.os.Parcelable onCaptureSharedElementSnapshot(android.view.View,android.graphics.Matrix,android.graphics.RectF)
    public android.view.View onCreateSnapshotView(android.content.Context,android.os.Parcelable)
    public void onSharedElementsArrived(java.util.List,java.util.List,androidx.core.app.SharedElementCallback$OnSharedElementsReadyListener)
    private android.graphics.Matrix mTempMatrix
    private static final int MAX_IMAGE_SIZE
    private static final java.lang.String BUNDLE_SNAPSHOT_BITMAP
    private static final java.lang.String BUNDLE_SNAPSHOT_IMAGE_SCALETYPE
    private static final java.lang.String BUNDLE_SNAPSHOT_IMAGE_MATRIX
androidx.core.graphics.drawable.IconCompat$IconType
androidx.constraintlayout.solver.state.helpers.ChainReference
kotlinx.coroutines.flow.FlowKt__ZipKt$combine$$inlined$unsafeFlow$4$lambda$2
androidx.recyclerview.widget.SortedListAdapterCallback
dagger.internal.SingleCheck
com.mikepenz.aboutlibraries.R$integer
androidx.transition.Styleable$ArcMotion
androidx.swiperefreshlayout.R$id